#
# There is insufficient memory for the Java Runtime Environment to continue.
# Native memory allocation (malloc) failed to allocate 483936 bytes for Chunk::new
# Possible reasons:
#   The system is out of physical RAM or swap space
#   The process is running with CompressedOops enabled, and the Java Heap may be blocking the growth of the native heap
# Possible solutions:
#   Reduce memory load on the system
#   Increase physical memory or swap space
#   Check if swap backing store is full
#   Decrease Java heap size (-Xmx/-Xms)
#   Decrease number of Java threads
#   Decrease Java thread stack sizes (-Xss)
#   Set larger code cache with -XX:ReservedCodeCacheSize=
#   JVM is running with Unscaled Compressed Oops mode in which the Java heap is
#     placed in the first 4GB address space. The Java Heap base address is the
#     maximum limit for the native heap growth. Please use -XX:HeapBaseMinAddress
#     to set the Java Heap base and to place the Java Heap above 4GB virtual address.
# This output file may be truncated or incomplete.
#
#  Out of Memory Error (./open/src/hotspot/share/memory/arena.cpp:197), pid=16996, tid=9036
#
# JRE version: Java(TM) SE Runtime Environment 18.9 (11.0.15+8) (build 11.0.15+8-LTS-149)
# Java VM: Java HotSpot(TM) 64-Bit Server VM 18.9 (11.0.15+8-LTS-149, mixed mode, tiered, compressed oops, g1 gc, windows-amd64)
# No core dump will be written. Minidumps are not enabled by default on client versions of Windows
#

---------------  S U M M A R Y ------------

Command Line: -javaagent:C:\Program Files\JetBrains\IntelliJ IDEA Community Edition 2022.1\lib\idea_rt.jar=59959:C:\Program Files\JetBrains\IntelliJ IDEA Community Edition 2022.1\bin -Dfile.encoding=UTF-8 org.example.Main

Host: AMD Ryzen 5 3450U with Radeon Vega Mobile Gfx  , 8 cores, 5G,  Windows 11 , 64 bit Build 22621 (10.0.22621.3374)
Time: Wed May  8 08:15:33 2024 Hora Padrão de Bogotá elapsed time: 1493.930205 seconds (0d 0h 24m 53s)

---------------  T H R E A D  ---------------

Current thread (0x0000020bdbdaa800):  JavaThread "C2 CompilerThread0" daemon [_thread_in_native, id=9036, stack(0x000000b1c3a00000,0x000000b1c3b00000)]


Current CompileTask:
C2:1493930 9845   !   4       org.springframework.orm.jpa.SharedEntityManagerCreator$SharedEntityManagerInvocationHandler::invoke (887 bytes)

Stack: [0x000000b1c3a00000,0x000000b1c3b00000]
Native frames: (J=compiled Java code, j=interpreted, Vv=VM code, C=native code)
V  [jvm.dll+0x629d8a]
V  [jvm.dll+0x7638ff]
V  [jvm.dll+0x764fa9]
V  [jvm.dll+0x765633]
V  [jvm.dll+0x23d9c8]
V  [jvm.dll+0xb2a1c]
V  [jvm.dll+0xb2fdc]
V  [jvm.dll+0x2ae744]
V  [jvm.dll+0x53d4c6]
V  [jvm.dll+0x20089d]
V  [jvm.dll+0x1fa64a]
V  [jvm.dll+0x1f762d]
V  [jvm.dll+0x177c51]
V  [jvm.dll+0x207026]
V  [jvm.dll+0x2051bb]
V  [jvm.dll+0x729820]
V  [jvm.dll+0x7223f4]
V  [jvm.dll+0x628c26]
C  [ucrtbase.dll+0x29333]
C  [KERNEL32.DLL+0x1257d]
C  [ntdll.dll+0x5aa48]


---------------  P R O C E S S  ---------------

Threads class SMR info:
_java_thread_list=0x0000020be69a1d50, length=29, elements={
0x0000020bdbd8d800, 0x0000020bdbd96800, 0x0000020bdc762800, 0x0000020bdbda4000,
0x0000020bdbda6800, 0x0000020bdbdaa800, 0x0000020bdbdbb800, 0x0000020bdbdbd800,
0x0000020bdbd26000, 0x0000020bdcd4e800, 0x0000020be235c800, 0x0000020be227b000,
0x0000020be2275800, 0x0000020be02e2000, 0x0000020be1ea4800, 0x0000020be034a800,
0x0000020be1a66000, 0x0000020be6563000, 0x0000020be6560800, 0x0000020be6564000,
0x0000020be6564800, 0x0000020be6565800, 0x0000020be6560000, 0x0000020be6562000,
0x0000020be6566800, 0x0000020be6561800, 0x0000020be689a000, 0x0000020be689b800,
0x0000020be689a800
}

Java Threads: ( => current thread )
  0x0000020bdbd8d800 JavaThread "Reference Handler" daemon [_thread_blocked, id=24204, stack(0x000000b1c3500000,0x000000b1c3600000)]
  0x0000020bdbd96800 JavaThread "Finalizer" daemon [_thread_blocked, id=880, stack(0x000000b1c3600000,0x000000b1c3700000)]
  0x0000020bdc762800 JavaThread "Signal Dispatcher" daemon [_thread_blocked, id=4124, stack(0x000000b1c3700000,0x000000b1c3800000)]
  0x0000020bdbda4000 JavaThread "Attach Listener" daemon [_thread_blocked, id=9796, stack(0x000000b1c3800000,0x000000b1c3900000)]
  0x0000020bdbda6800 JavaThread "Service Thread" daemon [_thread_blocked, id=5608, stack(0x000000b1c3900000,0x000000b1c3a00000)]
=>0x0000020bdbdaa800 JavaThread "C2 CompilerThread0" daemon [_thread_in_native, id=9036, stack(0x000000b1c3a00000,0x000000b1c3b00000)]
  0x0000020bdbdbb800 JavaThread "C1 CompilerThread0" daemon [_thread_blocked, id=18864, stack(0x000000b1c3b00000,0x000000b1c3c00000)]
  0x0000020bdbdbd800 JavaThread "Sweeper thread" daemon [_thread_blocked, id=13176, stack(0x000000b1c3c00000,0x000000b1c3d00000)]
  0x0000020bdbd26000 JavaThread "Common-Cleaner" daemon [_thread_blocked, id=21888, stack(0x000000b1c3d00000,0x000000b1c3e00000)]
  0x0000020bdcd4e800 JavaThread "Monitor Ctrl-Break" daemon [_thread_in_native, id=25480, stack(0x000000b1c3f00000,0x000000b1c4000000)]
  0x0000020be235c800 JavaThread "Catalina-utility-1" [_thread_blocked, id=5920, stack(0x000000b1c4500000,0x000000b1c4600000)]
  0x0000020be227b000 JavaThread "Catalina-utility-2" [_thread_blocked, id=12320, stack(0x000000b1c4600000,0x000000b1c4700000)]
  0x0000020be2275800 JavaThread "container-0" [_thread_blocked, id=12868, stack(0x000000b1c4700000,0x000000b1c4800000)]
  0x0000020be02e2000 JavaThread "mysql-cj-abandoned-connection-cleanup" daemon [_thread_blocked, id=10448, stack(0x000000b1c4800000,0x000000b1c4900000)]
  0x0000020be1ea4800 JavaThread "HikariPool-1 housekeeper" daemon [_thread_blocked, id=15508, stack(0x000000b1c4e00000,0x000000b1c4f00000)]
  0x0000020be034a800 JavaThread "http-nio-8080-exec-1" daemon [_thread_blocked, id=13848, stack(0x000000b1c5000000,0x000000b1c5100000)]
  0x0000020be1a66000 JavaThread "http-nio-8080-exec-2" daemon [_thread_blocked, id=25200, stack(0x000000b1c5100000,0x000000b1c5200000)]
  0x0000020be6563000 JavaThread "http-nio-8080-exec-3" daemon [_thread_blocked, id=22376, stack(0x000000b1c5200000,0x000000b1c5300000)]
  0x0000020be6560800 JavaThread "http-nio-8080-exec-4" daemon [_thread_blocked, id=10772, stack(0x000000b1c5300000,0x000000b1c5400000)]
  0x0000020be6564000 JavaThread "http-nio-8080-exec-5" daemon [_thread_blocked, id=23860, stack(0x000000b1c5400000,0x000000b1c5500000)]
  0x0000020be6564800 JavaThread "http-nio-8080-exec-6" daemon [_thread_blocked, id=23964, stack(0x000000b1c5500000,0x000000b1c5600000)]
  0x0000020be6565800 JavaThread "http-nio-8080-exec-7" daemon [_thread_in_native, id=24708, stack(0x000000b1c5600000,0x000000b1c5700000)]
  0x0000020be6560000 JavaThread "http-nio-8080-exec-8" daemon [_thread_blocked, id=5628, stack(0x000000b1c5700000,0x000000b1c5800000)]
  0x0000020be6562000 JavaThread "http-nio-8080-exec-9" daemon [_thread_blocked, id=22500, stack(0x000000b1c5800000,0x000000b1c5900000)]
  0x0000020be6566800 JavaThread "http-nio-8080-exec-10" daemon [_thread_blocked, id=13496, stack(0x000000b1c5900000,0x000000b1c5a00000)]
  0x0000020be6561800 JavaThread "http-nio-8080-Poller" daemon [_thread_in_native, id=10592, stack(0x000000b1c5a00000,0x000000b1c5b00000)]
  0x0000020be689a000 JavaThread "http-nio-8080-Acceptor" daemon [_thread_in_native, id=21940, stack(0x000000b1c5b00000,0x000000b1c5c00000)]
  0x0000020be689b800 JavaThread "DestroyJavaVM" [_thread_blocked, id=25140, stack(0x000000b1c2e00000,0x000000b1c2f00000)]
  0x0000020be689a800 JavaThread "HikariPool-1 connection adder" daemon [_thread_blocked, id=2140, stack(0x000000b1c2c00000,0x000000b1c2d00000)]

Other Threads:
  0x0000020bdbd8b800 VMThread "VM Thread" [stack: 0x000000b1c3400000,0x000000b1c3500000] [id=20608]
  0x0000020bdcd52800 WatcherThread [stack: 0x000000b1c4000000,0x000000b1c4100000] [id=25316]
  0x0000020bbd1f0800 GCTaskThread "GC Thread#0" [stack: 0x000000b1c2f00000,0x000000b1c3000000] [id=14920]
  0x0000020bdd31e000 GCTaskThread "GC Thread#1" [stack: 0x000000b1c3e00000,0x000000b1c3f00000] [id=18916]
  0x0000020bdda77000 GCTaskThread "GC Thread#2" [stack: 0x000000b1c4200000,0x000000b1c4300000] [id=12040]
  0x0000020bde154000 GCTaskThread "GC Thread#3" [stack: 0x000000b1c4300000,0x000000b1c4400000] [id=8528]
  0x0000020be1ee6000 GCTaskThread "GC Thread#4" [stack: 0x000000b1c4100000,0x000000b1c4200000] [id=23824]
  0x0000020be1ee5000 GCTaskThread "GC Thread#5" [stack: 0x000000b1c4900000,0x000000b1c4a00000] [id=3508]
  0x0000020be1ee8000 GCTaskThread "GC Thread#6" [stack: 0x000000b1c4a00000,0x000000b1c4b00000] [id=10088]
  0x0000020be1ee6800 GCTaskThread "GC Thread#7" [stack: 0x000000b1c4b00000,0x000000b1c4c00000] [id=10944]
  0x0000020bbd215800 ConcurrentGCThread "G1 Main Marker" [stack: 0x000000b1c3000000,0x000000b1c3100000] [id=24800]
  0x0000020bbd217000 ConcurrentGCThread "G1 Conc#0" [stack: 0x000000b1c3100000,0x000000b1c3200000] [id=11552]
  0x0000020bde1fc800 ConcurrentGCThread "G1 Conc#1" [stack: 0x000000b1c4400000,0x000000b1c4500000] [id=784]
  0x0000020bbd291800 ConcurrentGCThread "G1 Refine#0" [stack: 0x000000b1c3200000,0x000000b1c3300000] [id=23692]
  0x0000020bbd294800 ConcurrentGCThread "G1 Young RemSet Sampling" [stack: 0x000000b1c3300000,0x000000b1c3400000] [id=23464]

Threads with active compile tasks:
C2 CompilerThread01493993 9845   !   4       org.springframework.orm.jpa.SharedEntityManagerCreator$SharedEntityManagerInvocationHandler::invoke (887 bytes)

VM state:not at safepoint (normal execution)

VM Mutex/Monitor currently owned by a thread: None

Heap address: 0x00000000a1c00000, size: 1508 MB, Compressed Oops mode: 32-bit
Narrow klass base: 0x0000000000000000, Narrow klass shift: 3
Compressed class space size: 1073741824 Address: 0x0000000100000000

Heap:
 garbage-first heap   total 118784K, used 90245K [0x00000000a1c00000, 0x0000000100000000)
  region size 1024K, 65 young (66560K), 2 survivors (2048K)
 Metaspace       used 72414K, capacity 74180K, committed 74316K, reserved 1114112K
  class space    used 8755K, capacity 9455K, committed 9548K, reserved 1048576K
Heap Regions: E=young(eden), S=young(survivor), O=old, HS=humongous(starts), HC=humongous(continues), CS=collection set, F=free, A=archive, TAMS=top-at-mark-start (previous, next)
|   0|0x00000000a1c00000, 0x00000000a1d00000, 0x00000000a1d00000|100%|HS|  |TAMS 0x00000000a1d00000, 0x00000000a1c00000| Complete 
|   1|0x00000000a1d00000, 0x00000000a1e00000, 0x00000000a1e00000|100%| O|  |TAMS 0x00000000a1e00000, 0x00000000a1d00000| Untracked 
|   2|0x00000000a1e00000, 0x00000000a1f00000, 0x00000000a1f00000|100%| O|  |TAMS 0x00000000a1f00000, 0x00000000a1e00000| Untracked 
|   3|0x00000000a1f00000, 0x00000000a2000000, 0x00000000a2000000|100%| O|  |TAMS 0x00000000a2000000, 0x00000000a1f00000| Untracked 
|   4|0x00000000a2000000, 0x00000000a2100000, 0x00000000a2100000|100%| O|  |TAMS 0x00000000a2100000, 0x00000000a2000000| Untracked 
|   5|0x00000000a2100000, 0x00000000a2200000, 0x00000000a2200000|100%| O|  |TAMS 0x00000000a2200000, 0x00000000a2100000| Untracked 
|   6|0x00000000a2200000, 0x00000000a2300000, 0x00000000a2300000|100%| O|  |TAMS 0x00000000a2300000, 0x00000000a2200000| Untracked 
|   7|0x00000000a2300000, 0x00000000a2400000, 0x00000000a2400000|100%| O|  |TAMS 0x00000000a2400000, 0x00000000a2300000| Untracked 
|   8|0x00000000a2400000, 0x00000000a2500000, 0x00000000a2500000|100%| O|  |TAMS 0x00000000a2500000, 0x00000000a2400000| Untracked 
|   9|0x00000000a2500000, 0x00000000a2600000, 0x00000000a2600000|100%| O|  |TAMS 0x00000000a2600000, 0x00000000a2500000| Untracked 
|  10|0x00000000a2600000, 0x00000000a2700000, 0x00000000a2700000|100%| O|  |TAMS 0x00000000a2700000, 0x00000000a2600000| Untracked 
|  11|0x00000000a2700000, 0x00000000a2800000, 0x00000000a2800000|100%| O|  |TAMS 0x00000000a2800000, 0x00000000a2700000| Untracked 
|  12|0x00000000a2800000, 0x00000000a2900000, 0x00000000a2900000|100%| O|  |TAMS 0x00000000a2900000, 0x00000000a2800000| Untracked 
|  13|0x00000000a2900000, 0x00000000a2a00000, 0x00000000a2a00000|100%| O|  |TAMS 0x00000000a2a00000, 0x00000000a2900000| Untracked 
|  14|0x00000000a2a00000, 0x00000000a2b00000, 0x00000000a2b00000|100%| O|  |TAMS 0x00000000a2b00000, 0x00000000a2a00000| Untracked 
|  15|0x00000000a2b00000, 0x00000000a2c00000, 0x00000000a2c00000|100%| O|  |TAMS 0x00000000a2b2ae00, 0x00000000a2b00000| Untracked 
|  16|0x00000000a2c00000, 0x00000000a2d00000, 0x00000000a2d00000|100%| O|  |TAMS 0x00000000a2c00000, 0x00000000a2c00000| Untracked 
|  17|0x00000000a2d00000, 0x00000000a2e00000, 0x00000000a2e00000|100%| O|  |TAMS 0x00000000a2d00000, 0x00000000a2d00000| Untracked 
|  18|0x00000000a2e00000, 0x00000000a2f00000, 0x00000000a2f00000|100%| O|  |TAMS 0x00000000a2e00000, 0x00000000a2e00000| Untracked 
|  19|0x00000000a2f00000, 0x00000000a3000000, 0x00000000a3000000|100%| O|  |TAMS 0x00000000a2f00000, 0x00000000a2f00000| Untracked 
|  20|0x00000000a3000000, 0x00000000a3100000, 0x00000000a3100000|100%| O|  |TAMS 0x00000000a3000000, 0x00000000a3000000| Untracked 
|  21|0x00000000a3100000, 0x00000000a3200000, 0x00000000a3200000|100%| O|  |TAMS 0x00000000a3100000, 0x00000000a3100000| Untracked 
|  22|0x00000000a3200000, 0x00000000a3300000, 0x00000000a3300000|100%| O|  |TAMS 0x00000000a3200000, 0x00000000a3200000| Untracked 
|  23|0x00000000a3300000, 0x00000000a3400000, 0x00000000a3400000|100%| O|  |TAMS 0x00000000a3300000, 0x00000000a3300000| Untracked 
|  24|0x00000000a3400000, 0x00000000a346d400, 0x00000000a3500000| 42%| O|  |TAMS 0x00000000a3400000, 0x00000000a3400000| Untracked 
|  25|0x00000000a3500000, 0x00000000a3500000, 0x00000000a3600000|  0%| F|  |TAMS 0x00000000a3500000, 0x00000000a3500000| Untracked 
|  26|0x00000000a3600000, 0x00000000a3600000, 0x00000000a3700000|  0%| F|  |TAMS 0x00000000a3600000, 0x00000000a3600000| Untracked 
|  27|0x00000000a3700000, 0x00000000a3700000, 0x00000000a3800000|  0%| F|  |TAMS 0x00000000a3700000, 0x00000000a3700000| Untracked 
|  28|0x00000000a3800000, 0x00000000a3800000, 0x00000000a3900000|  0%| F|  |TAMS 0x00000000a3800000, 0x00000000a3800000| Untracked 
|  29|0x00000000a3900000, 0x00000000a3900000, 0x00000000a3a00000|  0%| F|  |TAMS 0x00000000a3900000, 0x00000000a3900000| Untracked 
|  30|0x00000000a3a00000, 0x00000000a3a00000, 0x00000000a3b00000|  0%| F|  |TAMS 0x00000000a3a00000, 0x00000000a3a00000| Untracked 
|  31|0x00000000a3b00000, 0x00000000a3b00000, 0x00000000a3c00000|  0%| F|  |TAMS 0x00000000a3b00000, 0x00000000a3b00000| Untracked 
|  32|0x00000000a3c00000, 0x00000000a3c00000, 0x00000000a3d00000|  0%| F|  |TAMS 0x00000000a3c00000, 0x00000000a3c00000| Untracked 
|  33|0x00000000a3d00000, 0x00000000a3d00000, 0x00000000a3e00000|  0%| F|  |TAMS 0x00000000a3d00000, 0x00000000a3d00000| Untracked 
|  34|0x00000000a3e00000, 0x00000000a3e00000, 0x00000000a3f00000|  0%| F|  |TAMS 0x00000000a3e00000, 0x00000000a3e00000| Untracked 
|  35|0x00000000a3f00000, 0x00000000a3f00000, 0x00000000a4000000|  0%| F|  |TAMS 0x00000000a3f00000, 0x00000000a3f00000| Untracked 
|  36|0x00000000a4000000, 0x00000000a4000000, 0x00000000a4100000|  0%| F|  |TAMS 0x00000000a4000000, 0x00000000a4000000| Untracked 
|  37|0x00000000a4100000, 0x00000000a4100000, 0x00000000a4200000|  0%| F|  |TAMS 0x00000000a4100000, 0x00000000a4100000| Untracked 
|  38|0x00000000a4200000, 0x00000000a4200000, 0x00000000a4300000|  0%| F|  |TAMS 0x00000000a4200000, 0x00000000a4200000| Untracked 
|  39|0x00000000a4300000, 0x00000000a4300000, 0x00000000a4400000|  0%| F|  |TAMS 0x00000000a4300000, 0x00000000a4300000| Untracked 
|  40|0x00000000a4400000, 0x00000000a4400000, 0x00000000a4500000|  0%| F|  |TAMS 0x00000000a4400000, 0x00000000a4400000| Untracked 
|  41|0x00000000a4500000, 0x00000000a4500000, 0x00000000a4600000|  0%| F|  |TAMS 0x00000000a4500000, 0x00000000a4500000| Untracked 
|  42|0x00000000a4600000, 0x00000000a4600000, 0x00000000a4700000|  0%| F|  |TAMS 0x00000000a4600000, 0x00000000a4600000| Untracked 
|  43|0x00000000a4700000, 0x00000000a4700000, 0x00000000a4800000|  0%| F|  |TAMS 0x00000000a4700000, 0x00000000a4700000| Untracked 
|  44|0x00000000a4800000, 0x00000000a4800000, 0x00000000a4900000|  0%| F|  |TAMS 0x00000000a4800000, 0x00000000a4800000| Untracked 
|  45|0x00000000a4900000, 0x00000000a49b4150, 0x00000000a4a00000| 70%| S|CS|TAMS 0x00000000a4900000, 0x00000000a4900000| Complete 
|  46|0x00000000a4a00000, 0x00000000a4a00000, 0x00000000a4b00000|  0%| F|  |TAMS 0x00000000a4a00000, 0x00000000a4a00000| Untracked 
|  47|0x00000000a4b00000, 0x00000000a4b00000, 0x00000000a4c00000|  0%| F|  |TAMS 0x00000000a4b00000, 0x00000000a4b00000| Untracked 
|  48|0x00000000a4c00000, 0x00000000a4d00000, 0x00000000a4d00000|100%| S|CS|TAMS 0x00000000a4c00000, 0x00000000a4c00000| Complete 
|  49|0x00000000a4d00000, 0x00000000a4d00000, 0x00000000a4e00000|  0%| F|  |TAMS 0x00000000a4d00000, 0x00000000a4d00000| Untracked 
|  50|0x00000000a4e00000, 0x00000000a4e00000, 0x00000000a4f00000|  0%| F|  |TAMS 0x00000000a4e00000, 0x00000000a4e00000| Untracked 
|  51|0x00000000a4f00000, 0x00000000a4f00000, 0x00000000a5000000|  0%| F|  |TAMS 0x00000000a4f00000, 0x00000000a4f00000| Untracked 
|  52|0x00000000a5000000, 0x00000000a5000000, 0x00000000a5100000|  0%| F|  |TAMS 0x00000000a5000000, 0x00000000a5000000| Untracked 
|  53|0x00000000a5100000, 0x00000000a51f6de0, 0x00000000a5200000| 96%| E|  |TAMS 0x00000000a5100000, 0x00000000a5100000| Complete 
|  54|0x00000000a5200000, 0x00000000a5300000, 0x00000000a5300000|100%| E|CS|TAMS 0x00000000a5200000, 0x00000000a5200000| Complete 
|  55|0x00000000a5300000, 0x00000000a5400000, 0x00000000a5400000|100%| E|CS|TAMS 0x00000000a5300000, 0x00000000a5300000| Complete 
|  56|0x00000000a5400000, 0x00000000a5500000, 0x00000000a5500000|100%| E|CS|TAMS 0x00000000a5400000, 0x00000000a5400000| Complete 
|  57|0x00000000a5500000, 0x00000000a5600000, 0x00000000a5600000|100%| E|CS|TAMS 0x00000000a5500000, 0x00000000a5500000| Complete 
|  58|0x00000000a5600000, 0x00000000a5700000, 0x00000000a5700000|100%| E|CS|TAMS 0x00000000a5600000, 0x00000000a5600000| Complete 
|  59|0x00000000a5700000, 0x00000000a5800000, 0x00000000a5800000|100%| E|CS|TAMS 0x00000000a5700000, 0x00000000a5700000| Complete 
|  60|0x00000000a5800000, 0x00000000a5900000, 0x00000000a5900000|100%| E|CS|TAMS 0x00000000a5800000, 0x00000000a5800000| Complete 
|  61|0x00000000a5900000, 0x00000000a5a00000, 0x00000000a5a00000|100%| E|CS|TAMS 0x00000000a5900000, 0x00000000a5900000| Complete 
|  62|0x00000000a5a00000, 0x00000000a5b00000, 0x00000000a5b00000|100%| E|CS|TAMS 0x00000000a5a00000, 0x00000000a5a00000| Complete 
|  63|0x00000000a5b00000, 0x00000000a5c00000, 0x00000000a5c00000|100%| E|CS|TAMS 0x00000000a5b00000, 0x00000000a5b00000| Complete 
|  64|0x00000000a5c00000, 0x00000000a5d00000, 0x00000000a5d00000|100%| E|CS|TAMS 0x00000000a5c00000, 0x00000000a5c00000| Complete 
|  65|0x00000000a5d00000, 0x00000000a5e00000, 0x00000000a5e00000|100%| E|CS|TAMS 0x00000000a5d00000, 0x00000000a5d00000| Complete 
|  66|0x00000000a5e00000, 0x00000000a5f00000, 0x00000000a5f00000|100%| E|CS|TAMS 0x00000000a5e00000, 0x00000000a5e00000| Complete 
|  67|0x00000000a5f00000, 0x00000000a6000000, 0x00000000a6000000|100%| E|CS|TAMS 0x00000000a5f00000, 0x00000000a5f00000| Complete 
|  68|0x00000000a6000000, 0x00000000a6100000, 0x00000000a6100000|100%| E|CS|TAMS 0x00000000a6000000, 0x00000000a6000000| Complete 
|  69|0x00000000a6100000, 0x00000000a6200000, 0x00000000a6200000|100%| E|CS|TAMS 0x00000000a6100000, 0x00000000a6100000| Complete 
|  70|0x00000000a6200000, 0x00000000a6300000, 0x00000000a6300000|100%| E|CS|TAMS 0x00000000a6200000, 0x00000000a6200000| Complete 
|  71|0x00000000a6300000, 0x00000000a6400000, 0x00000000a6400000|100%| E|CS|TAMS 0x00000000a6300000, 0x00000000a6300000| Complete 
|  72|0x00000000a6400000, 0x00000000a6500000, 0x00000000a6500000|100%| E|CS|TAMS 0x00000000a6400000, 0x00000000a6400000| Complete 
|  73|0x00000000a6500000, 0x00000000a6600000, 0x00000000a6600000|100%| E|CS|TAMS 0x00000000a6500000, 0x00000000a6500000| Complete 
|  74|0x00000000a6600000, 0x00000000a6700000, 0x00000000a6700000|100%| E|CS|TAMS 0x00000000a6600000, 0x00000000a6600000| Complete 
|  75|0x00000000a6700000, 0x00000000a6800000, 0x00000000a6800000|100%| E|CS|TAMS 0x00000000a6700000, 0x00000000a6700000| Complete 
|  76|0x00000000a6800000, 0x00000000a6900000, 0x00000000a6900000|100%| E|CS|TAMS 0x00000000a6800000, 0x00000000a6800000| Complete 
|  77|0x00000000a6900000, 0x00000000a6a00000, 0x00000000a6a00000|100%| E|CS|TAMS 0x00000000a6900000, 0x00000000a6900000| Complete 
|  78|0x00000000a6a00000, 0x00000000a6b00000, 0x00000000a6b00000|100%| E|CS|TAMS 0x00000000a6a00000, 0x00000000a6a00000| Complete 
|  79|0x00000000a6b00000, 0x00000000a6c00000, 0x00000000a6c00000|100%| E|CS|TAMS 0x00000000a6b00000, 0x00000000a6b00000| Complete 
|  80|0x00000000a6c00000, 0x00000000a6d00000, 0x00000000a6d00000|100%| E|CS|TAMS 0x00000000a6c00000, 0x00000000a6c00000| Complete 
|  81|0x00000000a6d00000, 0x00000000a6e00000, 0x00000000a6e00000|100%| E|CS|TAMS 0x00000000a6d00000, 0x00000000a6d00000| Complete 
|  82|0x00000000a6e00000, 0x00000000a6f00000, 0x00000000a6f00000|100%| E|CS|TAMS 0x00000000a6e00000, 0x00000000a6e00000| Complete 
|  83|0x00000000a6f00000, 0x00000000a7000000, 0x00000000a7000000|100%| E|CS|TAMS 0x00000000a6f00000, 0x00000000a6f00000| Complete 
|  84|0x00000000a7000000, 0x00000000a7100000, 0x00000000a7100000|100%| E|CS|TAMS 0x00000000a7000000, 0x00000000a7000000| Complete 
|  85|0x00000000a7100000, 0x00000000a7200000, 0x00000000a7200000|100%| E|CS|TAMS 0x00000000a7100000, 0x00000000a7100000| Complete 
|  86|0x00000000a7200000, 0x00000000a7300000, 0x00000000a7300000|100%| E|CS|TAMS 0x00000000a7200000, 0x00000000a7200000| Complete 
|  87|0x00000000a7300000, 0x00000000a7400000, 0x00000000a7400000|100%| E|CS|TAMS 0x00000000a7300000, 0x00000000a7300000| Complete 
|  88|0x00000000a7400000, 0x00000000a7500000, 0x00000000a7500000|100%| E|CS|TAMS 0x00000000a7400000, 0x00000000a7400000| Complete 
|  89|0x00000000a7500000, 0x00000000a7600000, 0x00000000a7600000|100%| E|CS|TAMS 0x00000000a7500000, 0x00000000a7500000| Complete 
|  90|0x00000000a7600000, 0x00000000a7700000, 0x00000000a7700000|100%| E|CS|TAMS 0x00000000a7600000, 0x00000000a7600000| Complete 
|  91|0x00000000a7700000, 0x00000000a7800000, 0x00000000a7800000|100%| E|CS|TAMS 0x00000000a7700000, 0x00000000a7700000| Complete 
|  92|0x00000000a7800000, 0x00000000a7900000, 0x00000000a7900000|100%| E|CS|TAMS 0x00000000a7800000, 0x00000000a7800000| Complete 
|  93|0x00000000a7900000, 0x00000000a7a00000, 0x00000000a7a00000|100%| E|CS|TAMS 0x00000000a7900000, 0x00000000a7900000| Complete 
|  94|0x00000000a7a00000, 0x00000000a7b00000, 0x00000000a7b00000|100%| E|CS|TAMS 0x00000000a7a00000, 0x00000000a7a00000| Complete 
|  95|0x00000000a7b00000, 0x00000000a7c00000, 0x00000000a7c00000|100%| E|CS|TAMS 0x00000000a7b00000, 0x00000000a7b00000| Complete 
|  96|0x00000000a7c00000, 0x00000000a7d00000, 0x00000000a7d00000|100%| E|CS|TAMS 0x00000000a7c00000, 0x00000000a7c00000| Complete 
|  97|0x00000000a7d00000, 0x00000000a7e00000, 0x00000000a7e00000|100%| E|CS|TAMS 0x00000000a7d00000, 0x00000000a7d00000| Complete 
|  98|0x00000000a7e00000, 0x00000000a7f00000, 0x00000000a7f00000|100%| E|CS|TAMS 0x00000000a7e00000, 0x00000000a7e00000| Complete 
|  99|0x00000000a7f00000, 0x00000000a8000000, 0x00000000a8000000|100%| E|CS|TAMS 0x00000000a7f00000, 0x00000000a7f00000| Complete 
| 100|0x00000000a8000000, 0x00000000a8100000, 0x00000000a8100000|100%| E|CS|TAMS 0x00000000a8000000, 0x00000000a8000000| Complete 
| 101|0x00000000a8100000, 0x00000000a8200000, 0x00000000a8200000|100%| E|CS|TAMS 0x00000000a8100000, 0x00000000a8100000| Complete 
| 102|0x00000000a8200000, 0x00000000a8300000, 0x00000000a8300000|100%| E|CS|TAMS 0x00000000a8200000, 0x00000000a8200000| Complete 
| 103|0x00000000a8300000, 0x00000000a8400000, 0x00000000a8400000|100%| E|CS|TAMS 0x00000000a8300000, 0x00000000a8300000| Complete 
| 104|0x00000000a8400000, 0x00000000a8500000, 0x00000000a8500000|100%| E|CS|TAMS 0x00000000a8400000, 0x00000000a8400000| Complete 
| 105|0x00000000a8500000, 0x00000000a8600000, 0x00000000a8600000|100%| E|CS|TAMS 0x00000000a8500000, 0x00000000a8500000| Complete 
| 106|0x00000000a8600000, 0x00000000a8700000, 0x00000000a8700000|100%| E|CS|TAMS 0x00000000a8600000, 0x00000000a8600000| Complete 
| 107|0x00000000a8700000, 0x00000000a8800000, 0x00000000a8800000|100%| E|CS|TAMS 0x00000000a8700000, 0x00000000a8700000| Complete 
| 108|0x00000000a8800000, 0x00000000a8900000, 0x00000000a8900000|100%| E|CS|TAMS 0x00000000a8800000, 0x00000000a8800000| Complete 
| 109|0x00000000a8900000, 0x00000000a8a00000, 0x00000000a8a00000|100%| E|CS|TAMS 0x00000000a8900000, 0x00000000a8900000| Complete 
| 110|0x00000000a8a00000, 0x00000000a8b00000, 0x00000000a8b00000|100%| E|CS|TAMS 0x00000000a8a00000, 0x00000000a8a00000| Complete 
| 111|0x00000000a8b00000, 0x00000000a8c00000, 0x00000000a8c00000|100%| E|CS|TAMS 0x00000000a8b00000, 0x00000000a8b00000| Complete 
| 112|0x00000000a8c00000, 0x00000000a8d00000, 0x00000000a8d00000|100%| E|CS|TAMS 0x00000000a8c00000, 0x00000000a8c00000| Complete 
| 113|0x00000000a8d00000, 0x00000000a8e00000, 0x00000000a8e00000|100%| E|CS|TAMS 0x00000000a8d00000, 0x00000000a8d00000| Complete 
| 114|0x00000000a8e00000, 0x00000000a8f00000, 0x00000000a8f00000|100%| E|CS|TAMS 0x00000000a8e00000, 0x00000000a8e00000| Complete 
| 115|0x00000000a8f00000, 0x00000000a9000000, 0x00000000a9000000|100%| E|CS|TAMS 0x00000000a8f00000, 0x00000000a8f00000| Complete 

Card table byte_map: [0x0000020bd5dc0000,0x0000020bd60c0000] _byte_map_base: 0x0000020bd58b2000

Marking Bits (Prev, Next): (CMBitMap*) 0x0000020bbd20ea70, (CMBitMap*) 0x0000020bbd20ea38
 Prev Bits: [0x0000020bd7b50000, 0x0000020bd92e0000)
 Next Bits: [0x0000020bd63c0000, 0x0000020bd7b50000)

Polling page: 0x0000020bbd2a0000

Metaspace:

Usage:
  Non-class:     63.21 MB capacity,    62.17 MB ( 98%) used,   836.22 KB (  1%) free+waste,   229.31 KB ( <1%) overhead. 
      Class:      9.23 MB capacity,     8.55 MB ( 93%) used,   592.98 KB (  6%) free+waste,   107.00 KB (  1%) overhead. 
       Both:     72.44 MB capacity,    70.72 MB ( 98%) used,     1.40 MB (  2%) free+waste,   336.31 KB ( <1%) overhead. 

Virtual space:
  Non-class space:       64.00 MB reserved,      63.25 MB ( 99%) committed 
      Class space:        1.00 GB reserved,       9.32 MB ( <1%) committed 
             Both:        1.06 GB reserved,      72.57 MB (  7%) committed 

Chunk freelists:
   Non-Class:  5.38 KB
       Class:  0 bytes
        Both:  5.38 KB

CodeHeap 'non-profiled nmethods': size=120000Kb used=8017Kb max_used=8017Kb free=111982Kb
 bounds [0x0000020bcdb30000, 0x0000020bce310000, 0x0000020bd5060000]
CodeHeap 'profiled nmethods': size=120000Kb used=22048Kb max_used=22048Kb free=97951Kb
 bounds [0x0000020bc6600000, 0x0000020bc7b90000, 0x0000020bcdb30000]
CodeHeap 'non-nmethods': size=5760Kb used=1250Kb max_used=1317Kb free=4509Kb
 bounds [0x0000020bc6060000, 0x0000020bc62d0000, 0x0000020bc6600000]
 total_blobs=10356 nmethods=9724 adapters=543
 compilation: enabled
              stopped_count=0, restarted_count=0
 full_count=0

Compilation events (10 events):
Event: 1493.717 Thread 0x0000020bdbdaa800 nmethod 9839 0x0000020bce301110 code [0x0000020bce301280, 0x0000020bce301318]
Event: 1493.729 Thread 0x0000020bdbdaa800 9840       4       org.springframework.beans.PropertyEditorRegistrySupport::findCustomEditor (116 bytes)
Event: 1493.731 Thread 0x0000020bdbdaa800 nmethod 9840 0x0000020bce301410 code [0x0000020bce301580, 0x0000020bce301638]
Event: 1493.731 Thread 0x0000020bdbdaa800 9841       4       org.hibernate.internal.util.StringHelper::isNotEmpty (17 bytes)
Event: 1493.732 Thread 0x0000020bdbdaa800 nmethod 9841 0x0000020bce301790 code [0x0000020bce301900, 0x0000020bce301958]
Event: 1493.753 Thread 0x0000020bdbdaa800 9842       4       org.apache.tomcat.util.buf.CharChunk::startsWithIgnoreCase (83 bytes)
Event: 1493.760 Thread 0x0000020bdbdaa800 nmethod 9842 0x0000020bce301a10 code [0x0000020bce301ba0, 0x0000020bce301e68]
Event: 1493.760 Thread 0x0000020bdbdaa800 9843   !   4       org.springframework.beans.TypeConverterDelegate::convertIfNecessary (909 bytes)
Event: 1493.832 Thread 0x0000020bdbdaa800 nmethod 9843 0x0000020bce302090 code [0x0000020bce3023c0, 0x0000020bce303500]
Event: 1493.832 Thread 0x0000020bdbdaa800 9845   !   4       org.springframework.orm.jpa.SharedEntityManagerCreator$SharedEntityManagerInvocationHandler::invoke (887 bytes)

GC Heap History (10 events):
Event: 1458.917 GC heap before
{Heap before GC invocations=12 (full 0):
 garbage-first heap   total 118784K, used 88718K [0x00000000a1c00000, 0x0000000100000000)
  region size 1024K, 69 young (70656K), 6 survivors (6144K)
 Metaspace       used 71770K, capacity 73525K, committed 73804K, reserved 1114112K
  class space    used 8751K, capacity 9455K, committed 9548K, reserved 1048576K
}
Event: 1458.965 GC heap after
{Heap after GC invocations=13 (full 0):
 garbage-first heap   total 118784K, used 26695K [0x00000000a1c00000, 0x0000000100000000)
  region size 1024K, 6 young (6144K), 6 survivors (6144K)
 Metaspace       used 71770K, capacity 73525K, committed 73804K, reserved 1114112K
  class space    used 8751K, capacity 9455K, committed 9548K, reserved 1048576K
}
Event: 1466.422 GC heap before
{Heap before GC invocations=13 (full 0):
 garbage-first heap   total 118784K, used 91207K [0x00000000a1c00000, 0x0000000100000000)
  region size 1024K, 69 young (70656K), 6 survivors (6144K)
 Metaspace       used 72202K, capacity 73982K, committed 74316K, reserved 1114112K
  class space    used 8753K, capacity 9455K, committed 9548K, reserved 1048576K
}
Event: 1466.433 GC heap after
{Heap after GC invocations=14 (full 0):
 garbage-first heap   total 118784K, used 27186K [0x00000000a1c00000, 0x0000000100000000)
  region size 1024K, 3 young (3072K), 3 survivors (3072K)
 Metaspace       used 72202K, capacity 73982K, committed 74316K, reserved 1114112K
  class space    used 8753K, capacity 9455K, committed 9548K, reserved 1048576K
}
Event: 1471.499 GC heap before
{Heap before GC invocations=14 (full 0):
 garbage-first heap   total 118784K, used 92722K [0x00000000a1c00000, 0x0000000100000000)
  region size 1024K, 67 young (68608K), 3 survivors (3072K)
 Metaspace       used 72395K, capacity 74180K, committed 74316K, reserved 1114112K
  class space    used 8753K, capacity 9455K, committed 9548K, reserved 1048576K
}
Event: 1471.507 GC heap after
{Heap after GC invocations=15 (full 0):
 garbage-first heap   total 118784K, used 26788K [0x00000000a1c00000, 0x0000000100000000)
  region size 1024K, 2 young (2048K), 2 survivors (2048K)
 Metaspace       used 72395K, capacity 74180K, committed 74316K, reserved 1114112K
  class space    used 8753K, capacity 9455K, committed 9548K, reserved 1048576K
}
Event: 1480.108 GC heap before
{Heap before GC invocations=15 (full 0):
 garbage-first heap   total 118784K, used 94372K [0x00000000a1c00000, 0x0000000100000000)
  region size 1024K, 68 young (69632K), 2 survivors (2048K)
 Metaspace       used 72408K, capacity 74180K, committed 74316K, reserved 1114112K
  class space    used 8753K, capacity 9455K, committed 9548K, reserved 1048576K
}
Event: 1480.118 GC heap after
{Heap after GC invocations=16 (full 0):
 garbage-first heap   total 118784K, used 26713K [0x00000000a1c00000, 0x0000000100000000)
  region size 1024K, 2 young (2048K), 2 survivors (2048K)
 Metaspace       used 72408K, capacity 74180K, committed 74316K, reserved 1114112K
  class space    used 8753K, capacity 9455K, committed 9548K, reserved 1048576K
}
Event: 1488.278 GC heap before
{Heap before GC invocations=16 (full 0):
 garbage-first heap   total 118784K, used 95321K [0x00000000a1c00000, 0x0000000100000000)
  region size 1024K, 69 young (70656K), 2 survivors (2048K)
 Metaspace       used 72411K, capacity 74180K, committed 74316K, reserved 1114112K
  class space    used 8754K, capacity 9455K, committed 9548K, reserved 1048576K
}
Event: 1488.286 GC heap after
{Heap after GC invocations=17 (full 0):
 garbage-first heap   total 118784K, used 26757K [0x00000000a1c00000, 0x0000000100000000)
  region size 1024K, 2 young (2048K), 2 survivors (2048K)
 Metaspace       used 72411K, capacity 74180K, committed 74316K, reserved 1114112K
  class space    used 8754K, capacity 9455K, committed 9548K, reserved 1048576K
}

Deoptimization events (10 events):
Event: 1476.599 Thread 0x0000020be6563000 Uncommon trap: reason=unstable_if action=reinterpret pc=0x0000020bce11b684 method=java.util.GregorianCalendar.computeFields(II)I @ 223 c2
Event: 1476.599 Thread 0x0000020be6563000 Uncommon trap: reason=unstable_if action=reinterpret pc=0x0000020bce119058 method=sun.util.calendar.BaseCalendar$Date.hit(J)Z @ 6 c2
Event: 1481.891 Thread 0x0000020be6564000 Uncommon trap: reason=unstable_if action=reinterpret pc=0x0000020bce16e7dc method=org.apache.tomcat.util.net.NioEndpoint$NioSocketWrapper.fillReadBuffer(ZLjava/nio/ByteBuffer;)I @ 217 c2
Event: 1481.891 Thread 0x0000020be6564800 Uncommon trap: reason=unstable_if action=reinterpret pc=0x0000020bce16e7dc method=org.apache.tomcat.util.net.NioEndpoint$NioSocketWrapper.fillReadBuffer(ZLjava/nio/ByteBuffer;)I @ 217 c2
Event: 1481.892 Thread 0x0000020be6566800 Uncommon trap: reason=unstable_if action=reinterpret pc=0x0000020bce16e7dc method=org.apache.tomcat.util.net.NioEndpoint$NioSocketWrapper.fillReadBuffer(ZLjava/nio/ByteBuffer;)I @ 217 c2
Event: 1488.822 Thread 0x0000020be6560000 Uncommon trap: reason=array_check action=maybe_recompile pc=0x0000020bce299534 method=org.hibernate.engine.internal.EntityEntryContext.reentrantSafeEntityEntries()[Ljava/util/Map$Entry; @ 57 c2
Event: 1488.836 Thread 0x0000020be6565800 Uncommon trap: reason=array_check action=maybe_recompile pc=0x0000020bce299534 method=org.hibernate.engine.internal.EntityEntryContext.reentrantSafeEntityEntries()[Ljava/util/Map$Entry; @ 57 c2
Event: 1488.841 Thread 0x0000020be6564000 Uncommon trap: reason=array_check action=maybe_recompile pc=0x0000020bce299534 method=org.hibernate.engine.internal.EntityEntryContext.reentrantSafeEntityEntries()[Ljava/util/Map$Entry; @ 57 c2
Event: 1488.843 Thread 0x0000020be6562000 Uncommon trap: reason=array_check action=maybe_recompile pc=0x0000020bce299534 method=org.hibernate.engine.internal.EntityEntryContext.reentrantSafeEntityEntries()[Ljava/util/Map$Entry; @ 57 c2
Event: 1490.732 Thread 0x0000020be689a800 Uncommon trap: reason=unstable_if action=reinterpret pc=0x0000020bce0c54bc method=java.util.concurrent.locks.AbstractQueuedSynchronizer$ConditionObject.addConditionWaiter()Ljava/util/concurrent/locks/AbstractQueuedSynchronizer$Node; @ 33 c2

Classes redefined (0 events):
No events

Internal exceptions (10 events):
Event: 15.672 Thread 0x0000020bbd1da800 Exception <a 'java/lang/NoSuchMethodError'{0x00000000a5f55f80}: java.lang.invoke.DirectMethodHandle$Holder.invokeStatic(Ljava/lang/Object;Ljava/lang/Object;ILjava/lang/Object;I)Ljava/lang/Object;> (0x00000000a5f55f80) thrown at [./open/src/hotspot/share/i
Event: 15.672 Thread 0x0000020bbd1da800 Exception <a 'java/lang/NoSuchMethodError'{0x00000000a5f59758}: java.lang.invoke.DirectMethodHandle$Holder.invokeSpecial(Ljava/lang/Object;Ljava/lang/Object;Ljava/lang/Object;ILjava/lang/Object;I)Ljava/lang/Object;> (0x00000000a5f59758) thrown at [./open/
Event: 15.674 Thread 0x0000020bbd1da800 Exception <a 'java/lang/NoSuchMethodError'{0x00000000a5f65908}: java.lang.invoke.DirectMethodHandle$Holder.invokeVirtual(Ljava/lang/Object;Ljava/lang/Object;)V> (0x00000000a5f65908) thrown at [./open/src/hotspot/share/interpreter/linkResolver.cpp, line 77
Event: 34.754 Thread 0x0000020be6563000 Exception <a 'java/lang/ClassNotFoundException'{0x00000000a8eecbc8}: java/lang/ObjectCustomizer> (0x00000000a8eecbc8) thrown at [./open/src/hotspot/share/classfile/systemDictionary.cpp, line 226]
Event: 34.759 Thread 0x0000020be6563000 Exception <a 'java/lang/ClassNotFoundException'{0x00000000a8efdaf0}: org/example/Entity/ProductCustomizer> (0x00000000a8efdaf0) thrown at [./open/src/hotspot/share/classfile/systemDictionary.cpp, line 226]
Event: 35.014 Thread 0x0000020be6563000 Implicit null exception at 0x0000020bcde1216c to 0x0000020bcde126e0
Event: 35.014 Thread 0x0000020be6563000 Implicit null exception at 0x0000020bcde1ea71 to 0x0000020bcde1f138
Event: 35.014 Thread 0x0000020be6563000 Implicit null exception at 0x0000020bcddac5b5 to 0x0000020bcddad644
Event: 79.780 Thread 0x0000020be6560800 Exception <a 'java/lang/NoSuchMethodError'{0x00000000a83ac9a8}: java.lang.invoke.DirectMethodHandle$Holder.invokeInterface(Ljava/lang/Object;Ljava/lang/Object;Ljava/lang/Object;Ljava/lang/Object;)Ljava/lang/Object;> (0x00000000a83ac9a8) thrown at [./open/
Event: 79.842 Thread 0x0000020be6560800 Exception <a 'java/lang/NoSuchMethodError'{0x00000000a826e578}: java.lang.invoke.DirectMethodHandle$Holder.invokeStaticInit(Ljava/lang/Object;Ljava/lang/Object;Ljava/lang/Object;Ljava/lang/Object;Ljava/lang/Object;Ljava/lang/Object;)Ljava/lang/Object;> (0

Events (10 events):
Event: 1488.843 Thread 0x0000020be6562000 Uncommon trap: trap_request=0xffffffd6 fr.pc=0x0000020bce299534 relative=0x00000000000022b4
Event: 1488.843 Thread 0x0000020be6562000 DEOPT PACKING pc=0x0000020bce299534 sp=0x000000b1c58fcde0
Event: 1488.843 Thread 0x0000020be6562000 DEOPT UNPACKING pc=0x0000020bc608662f sp=0x000000b1c58fcb90 mode 2
Event: 1489.009 loading class org/apache/tomcat/util/net/SSLSupport
Event: 1489.009 loading class org/apache/tomcat/util/net/SSLSupport done
Event: 1490.686 Thread 0x0000020be689a800 Thread added: 0x0000020be689a800
Event: 1490.732 Thread 0x0000020be689a800 Uncommon trap: trap_request=0xffffff4d fr.pc=0x0000020bce0c54bc relative=0x000000000000039c
Event: 1490.732 Thread 0x0000020be689a800 DEOPT PACKING pc=0x0000020bce0c54bc sp=0x000000b1c2cff260
Event: 1490.732 Thread 0x0000020be689a800 DEOPT UNPACKING pc=0x0000020bc608662f sp=0x000000b1c2cff200 mode 2
Event: 1490.795 Thread 0x0000020bdd1f8800 Thread exited: 0x0000020bdd1f8800


Dynamic libraries:
0x00007ff630400000 - 0x00007ff63040f000 	C:\Program Files\Java\jdk-11.0.15\bin\java.exe
0x00007ffa5c6b0000 - 0x00007ffa5c8c6000 	C:\WINDOWS\SYSTEM32\ntdll.dll
0x00007ffa5bbf0000 - 0x00007ffa5bcb4000 	C:\WINDOWS\System32\KERNEL32.DLL
0x00007ffa59c30000 - 0x00007ffa59fd7000 	C:\WINDOWS\System32\KERNELBASE.dll
0x00007ffa599d0000 - 0x00007ffa59ae1000 	C:\WINDOWS\System32\ucrtbase.dll
0x00007ffa54f20000 - 0x00007ffa54f35000 	C:\Program Files\Java\jdk-11.0.15\bin\VCRUNTIME140.dll
0x00007ffa54770000 - 0x00007ffa54788000 	C:\Program Files\Java\jdk-11.0.15\bin\jli.dll
0x00007ffa5c180000 - 0x00007ffa5c232000 	C:\WINDOWS\System32\ADVAPI32.dll
0x00007ffa5bfa0000 - 0x00007ffa5c047000 	C:\WINDOWS\System32\msvcrt.dll
0x00007ffa5b470000 - 0x00007ffa5b518000 	C:\WINDOWS\System32\sechost.dll
0x00007ffa59af0000 - 0x00007ffa59b18000 	C:\WINDOWS\System32\bcrypt.dll
0x00007ffa5c050000 - 0x00007ffa5c165000 	C:\WINDOWS\System32\RPCRT4.dll
0x00007ffa5b940000 - 0x00007ffa5baee000 	C:\WINDOWS\System32\USER32.dll
0x00007ffa5a3b0000 - 0x00007ffa5a3d6000 	C:\WINDOWS\System32\win32u.dll
0x00007ffa5b520000 - 0x00007ffa5b549000 	C:\WINDOWS\System32\GDI32.dll
0x00007ffa3c530000 - 0x00007ffa3c7c3000 	C:\WINDOWS\WinSxS\amd64_microsoft.windows.common-controls_6595b64144ccf1df_6.0.22621.3235_none_270f74e173860f98\COMCTL32.dll
0x00007ffa59fe0000 - 0x00007ffa5a0f9000 	C:\WINDOWS\System32\gdi32full.dll
0x00007ffa59b90000 - 0x00007ffa59c2a000 	C:\WINDOWS\System32\msvcp_win.dll
0x00007ffa541a0000 - 0x00007ffa541aa000 	C:\WINDOWS\SYSTEM32\VERSION.dll
0x00007ffa5ae50000 - 0x00007ffa5ae81000 	C:\WINDOWS\System32\IMM32.DLL
0x00007ffa48900000 - 0x00007ffa4899b000 	C:\Program Files\Java\jdk-11.0.15\bin\msvcp140.dll
0x00007ffa17ff0000 - 0x00007ffa18b06000 	C:\Program Files\Java\jdk-11.0.15\bin\server\jvm.dll
0x00007ffa5c170000 - 0x00007ffa5c178000 	C:\WINDOWS\System32\PSAPI.DLL
0x00007ffa36b60000 - 0x00007ffa36b69000 	C:\WINDOWS\SYSTEM32\WSOCK32.dll
0x00007ffa529c0000 - 0x00007ffa529f4000 	C:\WINDOWS\SYSTEM32\WINMM.dll
0x00007ffa5af10000 - 0x00007ffa5af81000 	C:\WINDOWS\System32\WS2_32.dll
0x00007ffa589e0000 - 0x00007ffa589f8000 	C:\WINDOWS\SYSTEM32\kernel.appcore.dll
0x00007ffa56c90000 - 0x00007ffa56ca0000 	C:\Program Files\Java\jdk-11.0.15\bin\verify.dll
0x00007ffa51a10000 - 0x00007ffa51c43000 	C:\WINDOWS\SYSTEM32\DBGHELP.DLL
0x00007ffa5b550000 - 0x00007ffa5b8d8000 	C:\WINDOWS\System32\combase.dll
0x00007ffa5a3e0000 - 0x00007ffa5a4b7000 	C:\WINDOWS\System32\OLEAUT32.dll
0x00007ffa4d980000 - 0x00007ffa4d9b2000 	C:\WINDOWS\SYSTEM32\dbgcore.DLL
0x00007ffa5a1c0000 - 0x00007ffa5a239000 	C:\WINDOWS\System32\bcryptPrimitives.dll
0x00007ffa52bc0000 - 0x00007ffa52be8000 	C:\Program Files\Java\jdk-11.0.15\bin\java.dll
0x00007ffa56c70000 - 0x00007ffa56c7a000 	C:\Program Files\Java\jdk-11.0.15\bin\jimage.dll
0x00007ffa56530000 - 0x00007ffa5653e000 	C:\Program Files\Java\jdk-11.0.15\bin\instrument.dll
0x00007ffa53ae0000 - 0x00007ffa53af6000 	C:\Program Files\Java\jdk-11.0.15\bin\zip.dll
0x00007ffa5a580000 - 0x00007ffa5addc000 	C:\WINDOWS\System32\SHELL32.dll
0x00007ffa578e0000 - 0x00007ffa581d9000 	C:\WINDOWS\SYSTEM32\windows.storage.dll
0x00007ffa577a0000 - 0x00007ffa578de000 	C:\WINDOWS\SYSTEM32\wintypes.dll
0x00007ffa5baf0000 - 0x00007ffa5bbe3000 	C:\WINDOWS\System32\SHCORE.dll
0x00007ffa5b8e0000 - 0x00007ffa5b93e000 	C:\WINDOWS\System32\shlwapi.dll
0x00007ffa59900000 - 0x00007ffa59921000 	C:\WINDOWS\SYSTEM32\profapi.dll
0x00007ffa52ba0000 - 0x00007ffa52bb9000 	C:\Program Files\Java\jdk-11.0.15\bin\net.dll
0x00007ffa53bf0000 - 0x00007ffa53d26000 	C:\WINDOWS\SYSTEM32\WINHTTP.dll
0x00007ffa58e60000 - 0x00007ffa58ec9000 	C:\WINDOWS\system32\mswsock.dll
0x00007ffa50a40000 - 0x00007ffa50a52000 	C:\Program Files\Java\jdk-11.0.15\bin\nio.dll
0x00007ffa4dec0000 - 0x00007ffa4deda000 	C:\Program Files\JetBrains\IntelliJ IDEA Community Edition 2022.1\bin\breakgen64.dll
0x00007ffa54d30000 - 0x00007ffa54d39000 	C:\Program Files\Java\jdk-11.0.15\bin\management.dll
0x00007ffa53320000 - 0x00007ffa5332b000 	C:\Program Files\Java\jdk-11.0.15\bin\management_ext.dll
0x00007ffa34c00000 - 0x00007ffa34c17000 	C:\WINDOWS\system32\napinsp.dll
0x00007ffa34be0000 - 0x00007ffa34bfb000 	C:\WINDOWS\system32\pnrpnsp.dll
0x00007ffa584b0000 - 0x00007ffa585a9000 	C:\WINDOWS\SYSTEM32\DNSAPI.dll
0x00007ffa58440000 - 0x00007ffa5846d000 	C:\WINDOWS\SYSTEM32\IPHLPAPI.DLL
0x00007ffa5bce0000 - 0x00007ffa5bce9000 	C:\WINDOWS\System32\NSI.dll
0x00007ffa368b0000 - 0x00007ffa368c1000 	C:\WINDOWS\System32\winrnr.dll
0x00007ffa34b90000 - 0x00007ffa34ba5000 	C:\WINDOWS\system32\wshbth.dll
0x00007ffa34b60000 - 0x00007ffa34b81000 	C:\WINDOWS\system32\nlansp_c.dll
0x00007ffa528d0000 - 0x00007ffa528da000 	C:\Windows\System32\rasadhlp.dll
0x00007ffa52500000 - 0x00007ffa52583000 	C:\WINDOWS\System32\fwpuclnt.dll
0x00007ffa590e0000 - 0x00007ffa590fb000 	C:\WINDOWS\SYSTEM32\CRYPTSP.dll
0x00007ffa58940000 - 0x00007ffa58975000 	C:\WINDOWS\system32\rsaenh.dll
0x00007ffa58f80000 - 0x00007ffa58fa8000 	C:\WINDOWS\SYSTEM32\USERENV.dll
0x00007ffa59100000 - 0x00007ffa5910c000 	C:\WINDOWS\SYSTEM32\CRYPTBASE.dll
0x00007ffa541b0000 - 0x00007ffa541c9000 	C:\WINDOWS\SYSTEM32\dhcpcsvc6.DLL
0x00007ffa53b40000 - 0x00007ffa53b5f000 	C:\WINDOWS\SYSTEM32\dhcpcsvc.DLL
0x00007ffa4d2d0000 - 0x00007ffa4d2f5000 	C:\Program Files\Java\jdk-11.0.15\bin\sunec.dll
0x00007ffa52b90000 - 0x00007ffa52b9d000 	C:\Program Files\Java\jdk-11.0.15\bin\sunmscapi.dll
0x00007ffa5a240000 - 0x00007ffa5a3a7000 	C:\WINDOWS\System32\CRYPT32.dll
0x00007ffa59280000 - 0x00007ffa592ae000 	C:\WINDOWS\SYSTEM32\ncrypt.dll
0x00007ffa59240000 - 0x00007ffa59277000 	C:\WINDOWS\SYSTEM32\NTASN1.dll

dbghelp: loaded successfully - version: 4.0.5 - missing functions: none
symbol engine: initialized successfully - sym options: 0x614 - pdb path: .;C:\Program Files\Java\jdk-11.0.15\bin;C:\WINDOWS\SYSTEM32;C:\WINDOWS\WinSxS\amd64_microsoft.windows.common-controls_6595b64144ccf1df_6.0.22621.3235_none_270f74e173860f98;C:\Program Files\Java\jdk-11.0.15\bin\server;C:\Program Files\JetBrains\IntelliJ IDEA Community Edition 2022.1\bin

VM Arguments:
jvm_args: -javaagent:C:\Program Files\JetBrains\IntelliJ IDEA Community Edition 2022.1\lib\idea_rt.jar=59959:C:\Program Files\JetBrains\IntelliJ IDEA Community Edition 2022.1\bin -Dfile.encoding=UTF-8 
java_command: org.example.Main
java_class_path (initial): C:\trabajos3\sintad\Sintad\back\call-center-backend\target\classes;C:\Users\LURGIA\.m2\repository\org\springframework\boot\spring-boot-starter-web\2.6.4\spring-boot-starter-web-2.6.4.jar;C:\Users\LURGIA\.m2\repository\org\springframework\boot\spring-boot-starter\2.6.4\spring-boot-starter-2.6.4.jar;C:\Users\LURGIA\.m2\repository\org\springframework\boot\spring-boot\2.6.4\spring-boot-2.6.4.jar;C:\Users\LURGIA\.m2\repository\org\springframework\boot\spring-boot-autoconfigure\2.6.4\spring-boot-autoconfigure-2.6.4.jar;C:\Users\LURGIA\.m2\repository\org\springframework\boot\spring-boot-starter-logging\2.6.4\spring-boot-starter-logging-2.6.4.jar;C:\Users\LURGIA\.m2\repository\ch\qos\logback\logback-classic\1.2.10\logback-classic-1.2.10.jar;C:\Users\LURGIA\.m2\repository\ch\qos\logback\logback-core\1.2.10\logback-core-1.2.10.jar;C:\Users\LURGIA\.m2\repository\org\apache\logging\log4j\log4j-to-slf4j\2.17.1\log4j-to-slf4j-2.17.1.jar;C:\Users\LURGIA\.m2\repository\org\apache\logging\log4j\log4j-api\2.17.1\log4j-api-2.17.1.jar;C:\Users\LURGIA\.m2\repository\org\slf4j\jul-to-slf4j\1.7.36\jul-to-slf4j-1.7.36.jar;C:\Users\LURGIA\.m2\repository\jakarta\annotation\jakarta.annotation-api\1.3.5\jakarta.annotation-api-1.3.5.jar;C:\Users\LURGIA\.m2\repository\org\springframework\spring-core\5.3.16\spring-core-5.3.16.jar;C:\Users\LURGIA\.m2\repository\org\springframework\spring-jcl\5.3.16\spring-jcl-5.3.16.jar;C:\Users\LURGIA\.m2\repository\org\yaml\snakeyaml\1.29\snakeyaml-1.29.jar;C:\Users\LURGIA\.m2\repository\org\springframework\boot\spring-boot-starter-json\2.6.4\spring-boot-starter-json-2.6.4.jar;C:\Users\LURGIA\.m2\repository\com\fasterxml\jackson\core\jackson-databind\2.13.1\jackson-databind-2.13.1.jar;C:\Users\LURGIA\.m2\repository\com\fasterxml\jackson\core\jackson-annotations\2.13.1\jackson-annotations-2.13.1.jar;C:\Users\LURGIA\.m2\repository\com\fasterxml\jackson\core\jackson-core\2.13.1\jackson-core-2.13.1.jar;C:\Users\LURGIA\.m2\repository\com\
Launcher Type: SUN_STANDARD

[Global flags]
     intx CICompilerCount                          = 4                                         {product} {ergonomic}
     uint ConcGCThreads                            = 2                                         {product} {ergonomic}
     uint G1ConcRefinementThreads                  = 8                                         {product} {ergonomic}
   size_t G1HeapRegionSize                         = 1048576                                   {product} {ergonomic}
    uintx GCDrainStackTargetSize                   = 64                                        {product} {ergonomic}
   size_t InitialHeapSize                          = 100663296                                 {product} {ergonomic}
   size_t MarkStackSize                            = 4194304                                   {product} {ergonomic}
   size_t MaxHeapSize                              = 1581252608                                {product} {ergonomic}
   size_t MaxNewSize                               = 947912704                                 {product} {ergonomic}
   size_t MinHeapDeltaBytes                        = 1048576                                   {product} {ergonomic}
    uintx NonNMethodCodeHeapSize                   = 5836300                                {pd product} {ergonomic}
    uintx NonProfiledCodeHeapSize                  = 122910970                              {pd product} {ergonomic}
    uintx ProfiledCodeHeapSize                     = 122910970                              {pd product} {ergonomic}
    uintx ReservedCodeCacheSize                    = 251658240                              {pd product} {ergonomic}
     bool SegmentedCodeCache                       = true                                      {product} {ergonomic}
     bool UseCompressedClassPointers               = true                                 {lp64_product} {ergonomic}
     bool UseCompressedOops                        = true                                 {lp64_product} {ergonomic}
     bool UseG1GC                                  = true                                      {product} {ergonomic}
     bool UseLargePagesIndividualAllocation        = false                                  {pd product} {ergonomic}

Logging:
Log output configuration:
 #0: stdout all=warning uptime,level,tags
 #1: stderr all=off uptime,level,tags

Environment Variables:
JAVA_HOME=C:\Program Files\Java\jdk-18.0.1.1
PATH=C:\Program Files\Eclipse Adoptium\jdk-11.0.16.101-hotspot\bin;C:\Program Files\Common Files\Oracle\Java\javapath;C:\Program Files\Microsoft MPI\Bin\;C:\Windows\system32;C:\Windows;C:\Windows\System32\Wbem;C:\Windows\System32\WindowsPowerShell\v1.0\;C:\Windows\System32\OpenSSH\;C:\Program Files\dotnet\;C:\Program Files\Microsoft SQL Server\150\Tools\Binn\;C:\Program Files\Microsoft SQL Server\Client SDK\ODBC\170\Tools\Binn\;C:\Program Files (x86)\Microsoft SQL Server\150\Tools\Binn\;C:\Program Files\Microsoft SQL Server\150\DTS\Binn\;C:\Program Files\Azure Data Studio\bin;C:\Program Files\Java\jdk-18.0.1.1\bin;C:\Program Files\Git\cmd;C:\WINDOWS\system32;C:\WINDOWS;C:\WINDOWS\System32\Wbem;C:\WINDOWS\System32\WindowsPowerShell\v1.0\;C:\WINDOWS\System32\OpenSSH\;C:\Program Files (x86)\Microsoft SQL Server\160\DTS\Binn\;C:\ProgramData\chocolatey\bin;C:\Program Files\nodejs\;C:\Users\LURGIA\AppData\Local\Android\Sdk;C:\Program Files\MySQL\MySQL Server 8.0\bin;C:\Users\LURGIA\AppData\Local\Programs\Python\Python311\Scripts\;C:\Users\LURGIA\AppData\Local\Programs\Python\Python311\;C:\Users\LURGIA\AppData\Local\Programs\Python\Python37\Scripts\;C:\Users\LURGIA\AppData\Local\Programs\Python\Python37\;C:\Users\LURGIA\AppData\Local\Microsoft\WindowsApps;;C:\Users\LURGIA\AppData\Local\Programs\Microsoft VS Code\bin;C:\Program Files\Azure Data Studio\bin;C:\Program Files\JetBrains\IntelliJ IDEA Community Edition 2022.1\bin;;C:\Users\LURGIA\AppData\Roaming\npm
USERNAME=LURGIA
OS=Windows_NT
PROCESSOR_IDENTIFIER=AMD64 Family 23 Model 24 Stepping 1, AuthenticAMD



---------------  S Y S T E M  ---------------

OS: Windows 11 , 64 bit Build 22621 (10.0.22621.3374)
Hyper-V role detected

CPU:total 8 (initial active 8) (8 cores per cpu, 2 threads per core) family 23 model 24 stepping 1 microcode 0x0, cmov, cx8, fxsr, mmx, sse, sse2, sse3, ssse3, sse4.1, sse4.2, popcnt, avx, avx2, aes, clmul, mmxext, 3dnowpref, lzcnt, sse4a, ht, tsc, tscinvbit, tscinv, bmi1, bmi2, adx, s

Memory: 4k page, system-wide physical 6030M (1243M free)
TotalPageFile size 24462M (AvailPageFile size 5M)
current process WorkingSet (physical memory assigned to process): 211M, peak: 308M
current process commit charge ("private bytes"): 334M, peak: 365M

vm_info: Java HotSpot(TM) 64-Bit Server VM (11.0.15+8-LTS-149) for windows-amd64 JRE (11.0.15+8-LTS-149), built on Mar  9 2022 22:42:32 by "mach5one" with MS VC++ 15.9 (VS2017)

END.
